make --dry-run --always-make --keep-going --print-directory
make: Entering directory `/Users/lbriggs/src/git/jaxxstorm/pulumi-scaleway'
[ -x /usr/local/bin/pulumi ] || curl -fsSL https://get.pulumi.com | sh
pulumi plugin install resource random 4.3.1
(cd provider && go build -a -o /Users/lbriggs/src/git/jaxxstorm/pulumi-scaleway/bin/pulumi-tfgen-scaleway -ldflags "-X github.com/jaxxstorm/pulumi-scaleway/provider/pkg/version.Version=0.2.2-alpha.1647476894+c5f054b6.dirty" github.com/jaxxstorm/pulumi-scaleway/provider/cmd/pulumi-tfgen-scaleway)
/Users/lbriggs/src/git/jaxxstorm/pulumi-scaleway/bin/pulumi-tfgen-scaleway schema --out provider/cmd/pulumi-resource-scaleway
(cd provider && VERSION=0.2.2-alpha.1647476894+c5f054b6.dirty go generate cmd/pulumi-resource-scaleway/main.go)
(cd provider && go build -a -o /Users/lbriggs/src/git/jaxxstorm/pulumi-scaleway/bin/pulumi-resource-scaleway -ldflags "-X github.com/jaxxstorm/pulumi-scaleway/provider/pkg/version.Version=0.2.2-alpha.1647476894+c5f054b6.dirty" github.com/jaxxstorm/pulumi-scaleway/provider/cmd/pulumi-resource-scaleway)
cd provider && golangci-lint run -c ../.golangci.yml
/Users/lbriggs/src/git/jaxxstorm/pulumi-scaleway/bin/pulumi-tfgen-scaleway nodejs --overlays provider/overlays/nodejs --out sdk/nodejs/
cd sdk/nodejs/ && \
        yarn install && \
        yarn run tsc && \
        cp ../../README.md ../../LICENSE package.json yarn.lock ./bin/ && \
    	sed -i.bak -e "s/\${VERSION}/v0.2.2-alpha.1647476894+c5f054b6.dirty/g" ./bin/package.json
/Users/lbriggs/src/git/jaxxstorm/pulumi-scaleway/bin/pulumi-tfgen-scaleway python --overlays provider/overlays/python --out sdk/python/
cd sdk/python/ && \
        cp ../../README.md . && \
        python3 setup.py clean --all 2>/dev/null && \
        rm -rf ./bin/ ../python.bin/ && cp -R . ../python.bin && mv ../python.bin ./bin && \
        sed -i.bak -e 's/^VERSION = .*/VERSION = "0.2.2a1647476894+dirty"/g' -e 's/^PLUGIN_VERSION = .*/PLUGIN_VERSION = "0.2.2-alpha.1647476894+c5f054b6.dirty"/g' ./bin/setup.py && \
        rm ./bin/setup.py.bak && \
        cd ./bin && python3 setup.py build sdist
/Users/lbriggs/src/git/jaxxstorm/pulumi-scaleway/bin/pulumi-tfgen-scaleway go --overlays provider/overlays/go --out sdk/go/
/Users/lbriggs/src/git/jaxxstorm/pulumi-scaleway/bin/pulumi-tfgen-scaleway go --overlays provider/overlays/go --out sdk/go/
pulumictl get version --language dotnet
/Users/lbriggs/src/git/jaxxstorm/pulumi-scaleway/bin/pulumi-tfgen-scaleway dotnet --overlays provider/overlays/dotnet --out sdk/dotnet/
cd sdk/dotnet/ && \
		echo "0.2.2-alpha.1647476894+c5f054b6.dirty" >version.txt && \
        dotnet build /p:Version=0.2.2-alpha.1647476894+c5f054b6.dirty
mkdir -p /Users/lbriggs/src/git/jaxxstorm/pulumi-scaleway/nuget
find . -name '*.nupkg' -print -exec cp -p {} /Users/lbriggs/src/git/jaxxstorm/pulumi-scaleway/nuget \;
yarn link --cwd /Users/lbriggs/src/git/jaxxstorm/pulumi-scaleway/sdk/nodejs/bin
make: Leaving directory `/Users/lbriggs/src/git/jaxxstorm/pulumi-scaleway'
 
